
> stockly@1.4.0 build
> next build

  ▲ Next.js 14.2.10
  - Environments: .env
  - Experiments (use with caution):
    · instrumentationHook

   Creating an optimized production build ...
[@sentry/nextjs] It seems like you don't have a global error handler set up. It is recommended that you add a 'global-error.js' file with Sentry instrumentation so that React rendering errors are reported to Sentry. Read more: https://docs.sentry.io/platforms/javascript/guides/nextjs/manual-setup/#react-render-errors-in-app-router (you can suppress this warning by setting SENTRY_SUPPRESS_GLOBAL_ERROR_HANDLER_FILE_WARNING=1 as environment variable)
[@sentry/nextjs] DEPRECATION WARNING: It is recommended renaming your `sentry.client.config.ts` file, or moving its content to `instrumentation-client.ts`. When using Turbopack `sentry.client.config.ts` will no longer work. Read more about the `instrumentation-client.ts` file: https://nextjs.org/docs/app/api-reference/file-conventions/instrumentation-client
 ✓ Compiled successfully
   Linting and checking validity of types ...
Failed to compile.

./app/(protected)/sales/page.tsx:101:21
Type error: Type 'ProductDto[]' is not assignable to type '{ id: string; name: string; type: ProductType; price: Decimal; cost: Decimal; sku: string | null; category: string | null; stock: number; minStock: number; isActive: boolean; companyId: string; createdAt: Date; updatedAt: Date; }[]'.
  Type 'ProductDto' is not assignable to type '{ id: string; name: string; type: ProductType; price: Decimal; cost: Decimal; sku: string | null; category: string | null; stock: number; minStock: number; isActive: boolean; companyId: string; createdAt: Date; updatedAt: Date; }'.
    Types of property 'price' are incompatible.
      Type 'number' is not assignable to type 'Decimal'.

[0m [90m  99 |[39m                 [33m<[39m[33mSalesTableWrapper[39m [0m
[0m [90m 100 |[39m                     productOptions[33m=[39m{productOptions} [0m
[0m[31m[1m>[22m[39m[90m 101 |[39m                     products[33m=[39m{products} [0m
[0m [90m     |[39m                     [31m[1m^[22m[39m[0m
[0m [90m 102 |[39m                     [36mfrom[39m[33m=[39m{searchParams[33m.[39m[36mfrom[39m} [0m
[0m [90m 103 |[39m                     to[33m=[39m{searchParams[33m.[39mto} [0m
[0m [90m 104 |[39m                     page[33m=[39m{[33mNumber[39m(searchParams[33m.[39mpage) [33m||[39m [35m1[39m}[0m
