
> stocky@1.4.0 build
> prisma generate && prisma migrate deploy && next build

Environment variables loaded from .env
Prisma schema loaded from prisma\schema.prisma

✔ Generated Prisma Client (v5.19.1) to .\node_modules\@prisma\client in 338ms

Start by importing your Prisma Client (See: http://pris.ly/d/importing-client)

Tip: Easily identify and fix slow SQL queries in your app. Optimize helps you enhance your visibility: https://pris.ly/--optimize

Environment variables loaded from .env
Prisma schema loaded from prisma\schema.prisma
Datasource "db": PostgreSQL database "stocklydb", schema "public" at "ep-orange-wind-acur347n.sa-east-1.aws.neon.tech"

34 migrations found in prisma/migrations


No pending migrations to apply.
▲ Next.js 16.1.6 (Turbopack)
- Environments: .env.local, .env

  Creating an optimized production build ...
✓ Compiled successfully in 10.7s
  Running TypeScript ...
Failed to compile.

./app/(protected)/layout.tsx:29:31
Type error: Property 'stripeCurrentPeriodEnd' does not exist on type '{ id: string; name: string; plan: string; allowNegativeStock: boolean; createdAt: Date; stripeCustomerId: string | null; stripeSubscriptionId: string | null; subscriptionStatus: SubscriptionStatus | null; stripeInvoiceUrl: string | null; isBoletoPending: boolean; deletedAt: Date | null; }'.

[0m [90m 27 |[39m
 [90m 28 |[39m   [90m// Subscription & Trial Info[39m
[31m[1m>[22m[39m[90m 29 |[39m   [36mconst[39m { subscriptionStatus[33m,[39m stripeCurrentPeriodEnd } [33m=[39m [36mawait[39m getCompanyPlan()[33m;[39m
 [90m    |[39m                               [31m[1m^[22m[39m
 [90m 30 |[39m   [36mconst[39m resolvedHeaders [33m=[39m [36mawait[39m headers()[33m;[39m
 [90m 31 |[39m   [36mconst[39m pathname [33m=[39m resolvedHeaders[33m.[39m[36mget[39m([32m"x-pathname"[39m) [33m||[39m [32m""[39m[33m;[39m
 [90m 32 |[39m[0m
Next.js build worker exited with code: 1 and signal: null
